<?xml version="1.0" encoding="UTF-8"?>
<testng-results skipped="0" failed="0" ignored="0" total="2" passed="2">
  <reporter-output>
  </reporter-output>
  <suite name="OrangeHRM Test Suite" duration-ms="3235" started-at="2024-11-07T00:36:01Z" finished-at="2024-11-07T00:36:04Z">
    <groups>
    </groups>
    <test name="Admin Login Testcase with valid data" duration-ms="2672" started-at="2024-11-07T00:36:01Z" finished-at="2024-11-07T00:36:03Z">
      <class name="orangehrm.testcases.AdminLoginTestwithValidData">
        <test-method status="PASS" signature="checkAdminLogin(java.lang.String, java.lang.String)[pri:0, instance:orangehrm.testcases.AdminLoginTestwithValidData@27ce24aa]" name="checkAdminLogin" duration-ms="2660" started-at="2024-11-07T06:06:01Z" finished-at="2024-11-07T06:06:03Z">
          <params>
            <param index="0">
              <value>
                <![CDATA[Admin]]>
              </value>
            </param>
            <param index="1">
              <value>
                <![CDATA[Qedge123!@#]]>
              </value>
            </param>
          </params>
          <reporter-output>
          </reporter-output>
        </test-method> <!-- checkAdminLogin -->
      </class> <!-- orangehrm.testcases.AdminLoginTestwithValidData -->
    </test> <!-- Admin Login Testcase with valid data -->
    <test name="Admin Login Testcase with invalid data" duration-ms="547" started-at="2024-11-07T00:36:03Z" finished-at="2024-11-07T00:36:04Z">
      <class name="orangehrm.testcases.AdminLoginTestwithInvalidData">
        <test-method status="PASS" signature="launchApp()[pri:0, instance:orangehrm.testcases.AdminLoginTestwithInvalidData@1afd44cb]" name="launchApp" is-config="true" duration-ms="3172" started-at="2024-11-07T06:05:57Z" finished-at="2024-11-07T06:06:01Z">
          <reporter-output>
          </reporter-output>
        </test-method> <!-- launchApp -->
        <test-method status="PASS" signature="checkAdminLogin(java.lang.String, java.lang.String)[pri:0, instance:orangehrm.testcases.AdminLoginTestwithInvalidData@1afd44cb]" name="checkAdminLogin" duration-ms="545" started-at="2024-11-07T06:06:03Z" finished-at="2024-11-07T06:06:04Z">
          <params>
            <param index="0">
              <value>
                <![CDATA[abc]]>
              </value>
            </param>
            <param index="1">
              <value>
                <![CDATA[xyz]]>
              </value>
            </param>
          </params>
          <reporter-output>
          </reporter-output>
        </test-method> <!-- checkAdminLogin -->
        <test-method status="PASS" signature="closeApp()[pri:0, instance:orangehrm.testcases.AdminLoginTestwithInvalidData@1afd44cb]" name="closeApp" is-config="true" duration-ms="2431" started-at="2024-11-07T06:06:04Z" finished-at="2024-11-07T06:06:06Z">
          <reporter-output>
          </reporter-output>
        </test-method> <!-- closeApp -->
      </class> <!-- orangehrm.testcases.AdminLoginTestwithInvalidData -->
    </test> <!-- Admin Login Testcase with invalid data -->
  </suite> <!-- OrangeHRM Test Suite -->
</testng-results>
